<?xml version="1.0" encoding="UTF-8" ?>
<testsuite tests="1" failures="0" name="com.gx.DemoTest" time="0.004" errors="0" skipped="0">
    <properties>
        <property name="java.runtime.name" value="Java(TM) SE Runtime Environment"/>
        <property name="java.vm.version" value="14.0.2+12-46"/>
        <property name="sun.boot.library.path" value="D:\JDK\jdk-14.0.2\bin"/>
        <property name="maven.multiModuleProjectDirectory" value="E:\JavaProject\maven-project\test1"/>
        <property name="java.vm.vendor" value="Oracle Corporation"/>
        <property name="java.vendor.url" value="https://java.oracle.com/"/>
        <property name="guice.disable.misplaced.annotation.check" value="true"/>
        <property name="path.separator" value=";"/>
        <property name="java.vm.name" value="Java HotSpot(TM) 64-Bit Server VM"/>
        <property name="sun.os.patch.level" value=""/>
        <property name="user.script" value=""/>
        <property name="user.country" value="CN"/>
        <property name="sun.java.launcher" value="SUN_STANDARD"/>
        <property name="java.vm.specification.name" value="Java Virtual Machine Specification"/>
        <property name="user.dir" value="E:\JavaProject\maven-project\test1"/>
        <property name="java.vm.compressedOopsMode" value="Zero based"/>
        <property name="java.runtime.version" value="14.0.2+12-46"/>
        <property name="os.arch" value="amd64"/>
        <property name="java.io.tmpdir" value="C:\Users\Aaron\AppData\Local\Temp\"/>
        <property name="line.separator" value="
"/>
        <property name="java.vm.specification.vendor" value="Oracle Corporation"/>
        <property name="user.variant" value=""/>
        <property name="os.name" value="Windows 10"/>
        <property name="idea.version2020.1" value="true"/>
        <property name="maven.ext.class.path"
                  value="D:\IDEA\IntelliJ IDEA 2020.1\plugins\maven\lib\maven-event-listener.jar"/>
        <property name="classworlds.conf" value="D:\Maven\apache-maven-3.6.1\bin\m2.conf"/>
        <property name="sun.jnu.encoding" value="GBK"/>
        <property name="java.library.path"
                  value="D:\JDK\jdk-14.0.2\bin;C:\Windows\Sun\Java\bin;C:\Windows\system32;C:\Windows;D:\JDK\jdk-17.0.1\bin;D:\JDK\jdk-17.0.1\jre\bin;D:\Program Files\Polyspace\R2021a\runtime\win64;D:\Program Files\Polyspace\R2021a\bin;D:\Program Files\Polyspace\R2021a\polyspace\bin;C:\Program Files\NVIDIA Corporation\NVIDIA NvDLISR;D:\QT5.14\5.14.2\msvc2015_64\bin;D:\VisualStudio2019\Community\VC\Tools\MSVC\14.29.30133\bin\Hostx64\x64\;D:\VisualStudio2015\VC\include;D:\Maven\apache-maven-3.6.1\bin;D:\Python3.8\Scripts\;D:\Python3.8\;C:\Users\Aaron\AppData\Local\Microsoft\WindowsApps;D:\QT\QT\5.9.1\mingw53_32\bin;;D:\IDEA\IntelliJ IDEA 2020.1\bin;;."/>
        <property name="maven.conf" value="D:\Maven\apache-maven-3.6.1/conf"/>
        <property name="jdk.debug" value="release"/>
        <property name="java.class.version" value="58.0"/>
        <property name="java.specification.name" value="Java Platform API Specification"/>
        <property name="sun.management.compiler" value="HotSpot 64-Bit Tiered Compilers"/>
        <property name="os.version" value="10.0"/>
        <property name="user.home" value="C:\Users\Aaron"/>
        <property name="user.timezone" value="Asia/Hong_Kong"/>
        <property name="file.encoding" value="UTF-8"/>
        <property name="java.specification.version" value="14"/>
        <property name="user.name" value="Aaron"/>
        <property name="java.class.path" value="D:\Maven\apache-maven-3.6.1\boot\plexus-classworlds-2.6.0.jar"/>
        <property name="java.vm.specification.version" value="14"/>
        <property name="sun.arch.data.model" value="64"/>
        <property name="sun.java.command"
                  value="org.codehaus.classworlds.Launcher -Didea.version2020.1 -s D:\Maven\apache-maven-3.6.1\conf\settings.xml install --non-recursive"/>
        <property name="java.home" value="D:\JDK\jdk-14.0.2"/>
        <property name="user.language" value="zh"/>
        <property name="java.specification.vendor" value="Oracle Corporation"/>
        <property name="java.vm.info" value="mixed mode, sharing"/>
        <property name="java.version" value="14.0.2"/>
        <property name="java.vendor" value="Oracle Corporation"/>
        <property name="maven.home" value="D:\Maven\apache-maven-3.6.1"/>
        <property name="file.separator" value="\"/>
        <property name="java.version.date" value="2020-07-14"/>
        <property name="java.vendor.url.bug" value="https://bugreport.java.com/bugreport/"/>
        <property name="sun.io.unicode.encoding" value="UnicodeLittle"/>
        <property name="sun.cpu.endian" value="little"/>
        <property name="sun.cpu.isalist" value="amd64"/>
    </properties>
    <testcase classname="com.gx.DemoTest" name="testSay" time="0.004"/>
</testsuite>